<?xml version="1.0" encoding="UTF-8"?>
<!-- Generated by org.testng.reporters.JUnitXMLReporter -->
<testsuite ignored="0" hostname="LAPTOP-TF4OB150" failures="0" tests="2" name="BankingApp Test" time="27.173" errors="0" timestamp="07 Dec 2021 09:42:57 GMT">
  <testcase classname="com.intBanking.testCases.TC_LoginTest_001" name="loginTest" time="2.826"/>
  <testcase classname="com.intBanking.testCases.TC_AddCustomerTest_003" name="addNewCustomer" time="17.03"/>
</testsuite> <!-- BankingApp Test -->
