<?xml version="1.0" encoding="UTF-8"?>
<testng-results ignored="0" total="2" passed="2" failed="0" skipped="0">
  <reporter-output>
  </reporter-output>
  <suite started-at="2021-12-07T09:42:30Z" name="IntBankingV1" finished-at="2021-12-07T09:42:57Z" duration-ms="27173">
    <groups>
    </groups>
    <test started-at="2021-12-07T09:42:30Z" name="BankingApp Test" finished-at="2021-12-07T09:42:57Z" duration-ms="27173">
      <class name="com.intBanking.testCases.TC_LoginTest_001">
        <test-method is-config="true" signature="setup(java.lang.String)[pri:0, instance:com.intBanking.testCases.TC_LoginTest_001@56a6d5a6]" started-at="2021-12-07T09:42:30Z" name="setup" finished-at="2021-12-07T09:42:34Z" duration-ms="3685" status="PASS">
          <params>
            <param index="0">
              <value>
                <![CDATA[chrome]]>
              </value>
            </param>
          </params>
          <reporter-output>
          </reporter-output>
        </test-method> <!-- setup -->
        <test-method signature="loginTest()[pri:0, instance:com.intBanking.testCases.TC_LoginTest_001@56a6d5a6]" started-at="2021-12-07T09:42:34Z" name="loginTest" finished-at="2021-12-07T09:42:37Z" duration-ms="2826" status="PASS">
          <reporter-output>
          </reporter-output>
        </test-method> <!-- loginTest -->
        <test-method is-config="true" signature="teardown()[pri:0, instance:com.intBanking.testCases.TC_LoginTest_001@56a6d5a6]" started-at="2021-12-07T09:42:37Z" name="teardown" finished-at="2021-12-07T09:42:37Z" duration-ms="103" status="PASS">
          <reporter-output>
          </reporter-output>
        </test-method> <!-- teardown -->
      </class> <!-- com.intBanking.testCases.TC_LoginTest_001 -->
      <class name="com.intBanking.testCases.TC_AddCustomerTest_003">
        <test-method is-config="true" signature="setup(java.lang.String)[pri:0, instance:com.intBanking.testCases.TC_AddCustomerTest_003@18ce0030]" started-at="2021-12-07T09:42:37Z" name="setup" finished-at="2021-12-07T09:42:40Z" duration-ms="3195" status="PASS">
          <params>
            <param index="0">
              <value>
                <![CDATA[chrome]]>
              </value>
            </param>
          </params>
          <reporter-output>
          </reporter-output>
        </test-method> <!-- setup -->
        <test-method signature="addNewCustomer()[pri:0, instance:com.intBanking.testCases.TC_AddCustomerTest_003@18ce0030]" started-at="2021-12-07T09:42:40Z" name="addNewCustomer" finished-at="2021-12-07T09:42:57Z" duration-ms="17030" status="PASS">
          <reporter-output>
          </reporter-output>
        </test-method> <!-- addNewCustomer -->
        <test-method is-config="true" signature="teardown()[pri:0, instance:com.intBanking.testCases.TC_AddCustomerTest_003@18ce0030]" started-at="2021-12-07T09:42:57Z" name="teardown" finished-at="2021-12-07T09:42:57Z" duration-ms="151" status="PASS">
          <reporter-output>
          </reporter-output>
        </test-method> <!-- teardown -->
      </class> <!-- com.intBanking.testCases.TC_AddCustomerTest_003 -->
    </test> <!-- BankingApp Test -->
  </suite> <!-- IntBankingV1 -->
</testng-results>
