<?xml version="1.0" encoding="UTF-8"?>
<!-- Generated by org.testng.reporters.JUnitXMLReporter -->
<testsuite ignored="0" hostname="LAPTOP-TF4OB150" failures="3" tests="4" name="BankingApp Test(failed)" time="25.492" errors="0" timestamp="01 Dec 2021 13:40:20 GMT">
  <testcase classname="com.intBanking.testCases.TC_LoginTest_001" name="loginTest" time="3.095"/>
  <testcase classname="com.intBanking.testCases.TC_LoginDDT_002" name="loginDDT" time="5.001">
    <failure type="java.lang.AssertionError" message="expected [true] but found [false]">
      <![CDATA[java.lang.AssertionError: expected [true] but found [false]
at com.intBanking.testCases.TC_LoginDDT_002.loginDDT(TC_LoginDDT_002.java:32)
... Removed 29 stack frames]]>
    </failure>
  </testcase> <!-- loginDDT -->
  <testcase classname="com.intBanking.testCases.TC_LoginDDT_002" name="loginDDT" time="5.011">
    <failure type="java.lang.AssertionError" message="expected [true] but found [false]">
      <![CDATA[java.lang.AssertionError: expected [true] but found [false]
at com.intBanking.testCases.TC_LoginDDT_002.loginDDT(TC_LoginDDT_002.java:32)
... Removed 29 stack frames]]>
    </failure>
  </testcase> <!-- loginDDT -->
  <testcase classname="com.intBanking.testCases.TC_LoginDDT_002" name="loginDDT" time="5.144">
    <failure type="java.lang.AssertionError" message="expected [true] but found [false]">
      <![CDATA[java.lang.AssertionError: expected [true] but found [false]
at com.intBanking.testCases.TC_LoginDDT_002.loginDDT(TC_LoginDDT_002.java:32)
... Removed 29 stack frames]]>
    </failure>
  </testcase> <!-- loginDDT -->
</testsuite> <!-- BankingApp Test(failed) -->
